<?xml version="1.0" encoding="UTF-8"?>
<!-- Generated by org.testng.reporters.JUnitReportReporter -->
<testsuite hostname="HIBACL54346" name="demo_packages.Flight_Parameter" tests="1" failures="0" timestamp="18 Nov 2016 13:14:11 GMT" time="15.770" errors="0">
  <testcase name="Flight_Login" time="15.770" classname="demo_packages.Flight_Parameter"/>
</testsuite> <!-- demo_packages.Flight_Parameter -->
