<?xml version="1.0" encoding="UTF-8"?>
<!-- Generated by org.testng.reporters.JUnitReportReporter -->
<testsuite hostname="HIBACL54346" name="demo_packages.FlightLogin_Multiple_Parameter" tests="2" failures="0" timestamp="8 Sep 2017 05:36:29 GMT" time="35.697" errors="0">
  <testcase name="Flight_Login" time="18.468" classname="demo_packages.FlightLogin_Multiple_Parameter"/>
  <testcase name="Flight_Login" time="17.229" classname="demo_packages.FlightLogin_Multiple_Parameter"/>
</testsuite> <!-- demo_packages.FlightLogin_Multiple_Parameter -->
