<?xml version="1.0" encoding="UTF-8"?>
<!-- Generated by org.testng.reporters.JUnitReportReporter -->
<testsuite hostname="HIBACL54346" name="demo_packages.Cross_Browser_Test" tests="2" failures="0" timestamp="15 Sep 2017 14:30:16 GMT" time="24.883" errors="0">
  <testcase name="Flight_Login" time="14.009" classname="demo_packages.Cross_Browser_Test"/>
  <testcase name="Flight_Login" time="10.874" classname="demo_packages.Cross_Browser_Test"/>
</testsuite> <!-- demo_packages.Cross_Browser_Test -->
