<?xml version="1.0" encoding="UTF-8"?>
<!-- Generated by org.testng.reporters.JUnitReportReporter -->
<testsuite hostname="HIBACL54346" name="demo_packages.Demo_Class" tests="1" failures="0" timestamp="6 Sep 2017 12:19:55 GMT" time="18.688" errors="0">
  <testcase name="checktitle" time="18.688" classname="demo_packages.Demo_Class"/>
</testsuite> <!-- demo_packages.Demo_Class -->
